<?xml version="1.0" encoding="UTF-8"?>
<testng-results skipped="0" failed="0" total="1" passed="1">
  <reporter-output>
  </reporter-output>
  <suite name="Default suite" duration-ms="48" started-at="2019-06-21T09:10:20Z" finished-at="2019-06-21T09:10:20Z">
    <groups>
    </groups>
    <test name="Default test" duration-ms="48" started-at="2019-06-21T09:10:20Z" finished-at="2019-06-21T09:10:20Z">
      <class name="API.Rest.com.API.Rest.com.CheckTestNg">
        <test-method status="PASS" signature="name()[pri:0, instance:API.Rest.com.API.Rest.com.CheckTestNg@35851384]" name="name" duration-ms="24" started-at="2019-06-21T14:40:20Z" finished-at="2019-06-21T14:40:20Z">
          <reporter-output>
          </reporter-output>
        </test-method> <!-- name -->
      </class> <!-- API.Rest.com.API.Rest.com.CheckTestNg -->
    </test> <!-- Default test -->
  </suite> <!-- Default suite -->
</testng-results>
